[debug] [2025-02-04T17:59:51.135Z] ----------------------------------------------------------------------
[debug] [2025-02-04T17:59:51.137Z] Command:       C:\Program Files\nodejs\node.exe C:\Users\e-tender\AppData\Roaming\npm\node_modules\firebase-tools\lib\bin\firebase.js init
[debug] [2025-02-04T17:59:51.137Z] CLI Version:   13.29.3
[debug] [2025-02-04T17:59:51.137Z] Platform:      win32
[debug] [2025-02-04T17:59:51.137Z] Node Version:  v22.13.1
[debug] [2025-02-04T17:59:51.137Z] Time:          Tue Feb 04 2025 19:59:51 GMT+0200 (Восточная Европа, стандартное время)
[debug] [2025-02-04T17:59:51.138Z] ----------------------------------------------------------------------
[debug] 
[debug] [2025-02-04T17:59:51.287Z] > command requires scopes: ["email","openid","https://www.googleapis.com/auth/cloudplatformprojects.readonly","https://www.googleapis.com/auth/firebase","https://www.googleapis.com/auth/cloud-platform"]
[debug] [2025-02-04T17:59:51.288Z] > authorizing via signed-in user (vladislavshmuk@gmail.com)
[info] 
     ######## #### ########  ######## ########     ###     ######  ########
     ##        ##  ##     ## ##       ##     ##  ##   ##  ##       ##
     ######    ##  ########  ######   ########  #########  ######  ######
     ##        ##  ##    ##  ##       ##     ## ##     ##       ## ##
     ##       #### ##     ## ######## ########  ##     ##  ######  ########

You're about to initialize a Firebase project in this directory:

  D:\riderProjects\task-book

Before we get started, keep in mind:

  * You are initializing within an existing Firebase project directory

